<?xml version="1.0" encoding="UTF-8"?>
<!-- Generated by org.testng.reporters.JUnitReportReporter -->
<testsuite hostname="DESKTOP-GQF8HD8" failures="0" tests="1" name="com.project.mavenExamples1" time="5.465" errors="0" timestamp="12 May 2018 17:45:39 GMT" skipped="0">
  <testcase classname="com.project.mavenExamples1" name="mevantest" time="5.465"/>
</testsuite> <!-- com.project.mavenExamples1 -->
